2026-03-13 11:42:38 +0000  Initial pipeline context: <IDEDistributionProcessingPipelineContext: 0x926921200; archive(resolved)="<IDEArchive: 0x8f122d7a0>", distributionTask(resolved)="2", distributionDestination(resolved)="2", distributionMethod(resolved)="<IDEDistributionMethodiOSAppStoreDistribution: 0x8f8646450>", team(resolved)="<IDEProvisioningDisambiguatableBasicTeam: 0x8ed0e4840; teamID='JG8256BQ77', teamName='Dwellproperties.ai LLC', teamType='Company', username='richa@dwellproperties.ai', isFreeProvisioningTeam='0'>">
	Chain (17, self inclusive):
	<IDEDistributionProcessingPipelineContext: 0x926921200; archive = "<IDEArchive: 0x8f122d7a0>", distributionMethod="<IDEDistributionMethodiOSAppStoreDistribution: 0x8f8646450>", team="<IDEProvisioningDisambiguatableBasicTeam: 0x8ed0e4840; teamID='JG8256BQ77', teamName='Dwellproperties.ai LLC', teamType='Company', username='richa@dwellproperties.ai', isFreeProvisioningTeam='0'>">
	<IDEDistributionProcessingPipelineContext: 0x926920f00; archive = "<IDEArchive: 0x8f122d7a0>", distributionMethod="<IDEDistributionMethodiOSAppStoreDistribution: 0x8f8646450>", team="<IDEProvisioningDisambiguatableBasicTeam: 0x8ed0e4840; teamID='JG8256BQ77', teamName='Dwellproperties.ai LLC', teamType='Company', username='richa@dwellproperties.ai', isFreeProvisioningTeam='0'>">
	<IDEDistributionContext: 0x8e2851900; archive = "<IDEArchive: 0x8f122d7a0>", distributionMethod="<IDEDistributionMethodiOSAppStoreDistribution: 0x8f8646450>", team="<IDEProvisioningDisambiguatableBasicTeam: 0x8ed0e4840; teamID='JG8256BQ77', teamName='Dwellproperties.ai LLC', teamType='Company', username='richa@dwellproperties.ai', isFreeProvisioningTeam='0'>">
	<IDEDistributionContext: 0x8e1d5c000; archive = "<IDEArchive: 0x8f122d7a0>", distributionMethod="<IDEDistributionMethodiOSAppStoreDistribution: 0x8f8646450>", team="<IDEProvisioningDisambiguatableBasicTeam: 0x8ed0e4840; teamID='JG8256BQ77', teamName='Dwellproperties.ai LLC', teamType='Company', username='richa@dwellproperties.ai', isFreeProvisioningTeam='0'>">
	<IDEDistributionContext: 0x8e1d5d680; archive = "<IDEArchive: 0x8f122d7a0>", distributionMethod="<IDEDistributionMethodiOSAppStoreDistribution: 0x8f8646450>", team="<IDEProvisioningDisambiguatableBasicTeam: 0x8ed0e4840; teamID='JG8256BQ77', teamName='Dwellproperties.ai LLC', teamType='Company', username='richa@dwellproperties.ai', isFreeProvisioningTeam='0'>">
	<IDEDistributionContext: 0x8e1d5f200; archive = "<IDEArchive: 0x8f122d7a0>", distributionMethod="<IDEDistributionMethodiOSAppStoreDistribution: 0x8f8646450>", team="<IDEProvisioningDisambiguatableBasicTeam: 0x8ed0e4840; teamID='JG8256BQ77', teamName='Dwellproperties.ai LLC', teamType='Company', username='richa@dwellproperties.ai', isFreeProvisioningTeam='0'>">
	<IDEDistributionContext: 0x8e2c9d400; archive = "<IDEArchive: 0x8f122d7a0>", distributionMethod="<IDEDistributionMethodiOSAppStoreDistribution: 0x8f8646450>", team="<IDEProvisioningDisambiguatableBasicTeam: 0x8ed0e4840; teamID='JG8256BQ77', teamName='Dwellproperties.ai LLC', teamType='Company', username='richa@dwellproperties.ai', isFreeProvisioningTeam='0'>">
	<IDEDistributionContext: 0x8e2c9c500; archive = "<IDEArchive: 0x8f122d7a0>", distributionMethod="<IDEDistributionMethodiOSAppStoreDistribution: 0x8f8646450>", team="<IDEProvisioningDisambiguatableBasicTeam: 0x8ed0e4840; teamID='JG8256BQ77', teamName='Dwellproperties.ai LLC', teamType='Company', username='richa@dwellproperties.ai', isFreeProvisioningTeam='0'>">
	<IDEDistributionContext: 0x8e2cf0a00; archive = "<IDEArchive: 0x8f122d7a0>", distributionMethod="<IDEDistributionMethodiOSAppStoreDistribution: 0x8f8646450>", team="<IDEProvisioningDisambiguatableBasicTeam: 0x8ed0e4840; teamID='JG8256BQ77', teamName='Dwellproperties.ai LLC', teamType='Company', username='richa@dwellproperties.ai', isFreeProvisioningTeam='0'>">
	<IDEDistributionContext: 0x8e2cf2580; archive = "<IDEArchive: 0x8f122d7a0>", distributionMethod="<IDEDistributionMethodiOSAppStoreDistribution: 0x8f8646450>", team="<IDEProvisioningDisambiguatableBasicTeam: 0x8ed0e4840; teamID='JG8256BQ77', teamName='Dwellproperties.ai LLC', teamType='Company', username='richa@dwellproperties.ai', isFreeProvisioningTeam='0'>">
	<IDEDistributionContext: 0x8e2cf1680; archive = "<IDEArchive: 0x8f122d7a0>", distributionMethod="<IDEDistributionMethodiOSAppStoreDistribution: 0x8f8646450>", team="<IDEProvisioningDisambiguatableBasicTeam: 0x8ed0e4840; teamID='JG8256BQ77', teamName='Dwellproperties.ai LLC', teamType='Company', username='richa@dwellproperties.ai', isFreeProvisioningTeam='0'>">
	<IDEDistributionContext: 0x8e2cf1e00; archive = "<IDEArchive: 0x8f122d7a0>", distributionMethod="<IDEDistributionMethodiOSAppStoreDistribution: 0x8f8646450>", team="<IDEProvisioningDisambiguatableBasicTeam: 0x8ed0e4840; teamID='JG8256BQ77', teamName='Dwellproperties.ai LLC', teamType='Company', username='richa@dwellproperties.ai', isFreeProvisioningTeam='0'>">
	<IDEDistributionContext: 0x8e2cf0c80; archive = "<IDEArchive: 0x8f122d7a0>", distributionMethod="<IDEDistributionMethodiOSAppStoreDistribution: 0x8f8646450>", team="(null)">
	<IDEDistributionContext: 0x8e2cf0500; archive = "<IDEArchive: 0x8f122d7a0>", distributionMethod="<IDEDistributionMethodiOSAppStoreDistribution: 0x8f8646450>", team="(null)">
	<IDEDistributionContext: 0x8e2cf1b80; archive = "<IDEArchive: 0x8f122d7a0>", distributionMethod="(null)", team="(null)">
	<IDEDistributionContext: 0x8e1d5db80; archive = "<IDEArchive: 0x8f122d7a0>", distributionMethod="(null)", team="(null)">
	<IDEDistributionContext: 0x8e1d5fc00; archive = "<IDEArchive: 0x8f122d7a0>", distributionMethod="(null)", team="(null)">
</IDEDistributionProcessingPipelineContext: 0x926921200>
2026-03-13 11:42:38 +0000  Processing step: IDEDistributionCreateDestRootStep
2026-03-13 11:42:38 +0000  Processing step: IDEDistributionCopyItemStep
2026-03-13 11:42:38 +0000  Running /usr/bin/ditto '-V' '/Users/richa/Library/Developer/Xcode/Archives/2026-03-13/dwell 13-03-26, 5.08 PM.xcarchive/Products/Applications/dwell.app' '/var/folders/q0/mt0cfb8567zfytf3t__llq1w0000gn/T/XcodeDistPipeline.~~~ttM2dS/Root/Payload/dwell.app'
2026-03-13 11:42:38 +0000  >>> Copying /Users/richa/Library/Developer/Xcode/Archives/2026-03-13/dwell 13-03-26, 5.08 PM.xcarchive/Products/Applications/dwell.app 
2026-03-13 11:42:38 +0000  copying file ./_CodeSignature/CodeResources ... 
2026-03-13 11:42:38 +0000  24405 bytes for ./_CodeSignature/CodeResources
2026-03-13 11:42:38 +0000  copying file ./Fontisto.ttf ... 
2026-03-13 11:42:38 +0000  313528 bytes for ./Fontisto.ttf
2026-03-13 11:42:38 +0000  copying file ./Octicons.ttf ... 
2026-03-13 11:42:38 +0000  49404 bytes for ./Octicons.ttf
2026-03-13 11:42:38 +0000  copying file ./Feather.ttf ... 
2026-03-13 11:42:38 +0000  56228 bytes for ./Feather.ttf
2026-03-13 11:42:38 +0000  copying file ./FirebaseCore_Privacy.bundle/PrivacyInfo.xcprivacy ... 
2026-03-13 11:42:38 +0000  855 bytes for ./FirebaseCore_Privacy.bundle/PrivacyInfo.xcprivacy
2026-03-13 11:42:38 +0000  copying file ./FirebaseCore_Privacy.bundle/Info.plist ... 
2026-03-13 11:42:38 +0000  788 bytes for ./FirebaseCore_Privacy.bundle/Info.plist
2026-03-13 11:42:38 +0000  copying file ./FontAwesome6_Regular.ttf ... 
2026-03-13 11:42:38 +0000  67976 bytes for ./FontAwesome6_Regular.ttf
2026-03-13 11:42:38 +0000  copying file ./Entypo.ttf ... 
2026-03-13 11:42:38 +0000  66200 bytes for ./Entypo.ttf
2026-03-13 11:42:38 +0000  copying file ./RNImagePickerPrivacyInfo.bundle/PrivacyInfo.xcprivacy ... 
2026-03-13 11:42:38 +0000  905 bytes for ./RNImagePickerPrivacyInfo.bundle/PrivacyInfo.xcprivacy
2026-03-13 11:42:38 +0000  copying file ./RNImagePickerPrivacyInfo.bundle/Info.plist ... 
2026-03-13 11:42:38 +0000  794 bytes for ./RNImagePickerPrivacyInfo.bundle/Info.plist
2026-03-13 11:42:38 +0000  copying file ./FontAwesome5_Brands.ttf ... 
2026-03-13 11:42:38 +0000  134040 bytes for ./FontAwesome5_Brands.ttf
2026-03-13 11:42:38 +0000  copying file ./MaterialCommunityIcons.ttf ... 
2026-03-13 11:42:38 +0000  1147844 bytes for ./MaterialCommunityIcons.ttf
2026-03-13 11:42:38 +0000  copying file ./glog_privacy.bundle/Info.plist ... 
2026-03-13 11:42:38 +0000  769 bytes for ./glog_privacy.bundle/Info.plist
2026-03-13 11:42:38 +0000  copying file ./FBLPromises_Privacy.bundle/PrivacyInfo.xcprivacy ... 
2026-03-13 11:42:38 +0000  373 bytes for ./FBLPromises_Privacy.bundle/PrivacyInfo.xcprivacy
2026-03-13 11:42:38 +0000  copying file ./FBLPromises_Privacy.bundle/Info.plist ... 
2026-03-13 11:42:38 +0000  784 bytes for ./FBLPromises_Privacy.bundle/Info.plist
2026-03-13 11:42:38 +0000  copying file ./AppIcon60x60@2x.png ... 
2026-03-13 11:42:38 +0000  15276 bytes for ./AppIcon60x60@2x.png
2026-03-13 11:42:38 +0000  copying file ./AntDesign.ttf ... 
2026-03-13 11:42:38 +0000  70344 bytes for ./AntDesign.ttf
2026-03-13 11:42:38 +0000  copying file ./Foundation.ttf ... 
2026-03-13 11:42:38 +0000  56976 bytes for ./Foundation.ttf
2026-03-13 11:42:38 +0000  copying file ./Ionicons.ttf ... 
2026-03-13 11:42:38 +0000  442604 bytes for ./Ionicons.ttf
2026-03-13 11:42:38 +0000  copying file ./FontAwesome5_Solid.ttf ... 
2026-03-13 11:42:38 +0000  202744 bytes for ./FontAwesome5_Solid.ttf
2026-03-13 11:42:38 +0000  copying file ./FirebaseCoreInternal_Privacy.bundle/PrivacyInfo.xcprivacy ... 
2026-03-13 11:42:38 +0000  855 bytes for ./FirebaseCoreInternal_Privacy.bundle/PrivacyInfo.xcprivacy
2026-03-13 11:42:38 +0000  copying file ./FirebaseCoreInternal_Privacy.bundle/Info.plist ... 
2026-03-13 11:42:38 +0000  804 bytes for ./FirebaseCoreInternal_Privacy.bundle/Info.plist
2026-03-13 11:42:38 +0000  copying file ./GoogleDataTransport_Privacy.bundle/PrivacyInfo.xcprivacy ... 
2026-03-13 11:42:38 +0000  1105 bytes for ./GoogleDataTransport_Privacy.bundle/PrivacyInfo.xcprivacy
2026-03-13 11:42:38 +0000  copying file ./GoogleDataTransport_Privacy.bundle/Info.plist ... 
2026-03-13 11:42:38 +0000  802 bytes for ./GoogleDataTransport_Privacy.bundle/Info.plist
2026-03-13 11:42:38 +0000  copying file ./FontAwesome5_Regular.ttf ... 
2026-03-13 11:42:38 +0000  33736 bytes for ./FontAwesome5_Regular.ttf
2026-03-13 11:42:38 +0000  copying file ./React-cxxreact_privacy.bundle/PrivacyInfo.xcprivacy ... 
2026-03-13 11:42:38 +0000  552 bytes for ./React-cxxreact_privacy.bundle/PrivacyInfo.xcprivacy
2026-03-13 11:42:38 +0000  copying file ./React-cxxreact_privacy.bundle/Info.plist ... 
2026-03-13 11:42:38 +0000  792 bytes for ./React-cxxreact_privacy.bundle/Info.plist
2026-03-13 11:42:38 +0000  copying file ./nanopb_Privacy.bundle/PrivacyInfo.xcprivacy ... 
2026-03-13 11:42:38 +0000  374 bytes for ./nanopb_Privacy.bundle/PrivacyInfo.xcprivacy
2026-03-13 11:42:38 +0000  copying file ./nanopb_Privacy.bundle/Info.plist ... 
2026-03-13 11:42:38 +0000  777 bytes for ./nanopb_Privacy.bundle/Info.plist
2026-03-13 11:42:38 +0000  copying file ./FirebaseMessaging_Privacy.bundle/PrivacyInfo.xcprivacy ... 
2026-03-13 11:42:38 +0000  2357 bytes for ./FirebaseMessaging_Privacy.bundle/PrivacyInfo.xcprivacy
2026-03-13 11:42:38 +0000  copying file ./FirebaseMessaging_Privacy.bundle/Info.plist ... 
2026-03-13 11:42:38 +0000  798 bytes for ./FirebaseMessaging_Privacy.bundle/Info.plist
2026-03-13 11:42:38 +0000  copying file ./FirebaseCoreExtension_Privacy.bundle/PrivacyInfo.xcprivacy ... 
2026-03-13 11:42:38 +0000  478 bytes for ./FirebaseCoreExtension_Privacy.bundle/PrivacyInfo.xcprivacy
2026-03-13 11:42:38 +0000  copying file ./FirebaseCoreExtension_Privacy.bundle/Info.plist ... 
2026-03-13 11:42:38 +0000  806 bytes for ./FirebaseCoreExtension_Privacy.bundle/Info.plist
2026-03-13 11:42:38 +0000  copying file ./FontAwesome.ttf ... 
2026-03-13 11:42:38 +0000  165548 bytes for ./FontAwesome.ttf
2026-03-13 11:42:38 +0000  copying file ./Toast.bundle/PrivacyInfo.xcprivacy ... 
2026-03-13 11:42:38 +0000  372 bytes for ./Toast.bundle/PrivacyInfo.xcprivacy
2026-03-13 11:42:38 +0000  copying file ./Toast.bundle/Info.plist ... 
2026-03-13 11:42:38 +0000  755 bytes for ./Toast.bundle/Info.plist
2026-03-13 11:42:38 +0000  copying file ./Zocial.ttf ... 
2026-03-13 11:42:38 +0000  25788 bytes for ./Zocial.ttf
2026-03-13 11:42:38 +0000  copying file ./RCT-Folly_privacy.bundle/Info.plist ... 
2026-03-13 11:42:38 +0000  786 bytes for ./RCT-Folly_privacy.bundle/Info.plist
2026-03-13 11:42:38 +0000  copying file ./Assets.car ... 
2026-03-13 11:42:38 +0000  748248 bytes for ./Assets.car
2026-03-13 11:42:38 +0000  copying file ./EvilIcons.ttf ... 
2026-03-13 11:42:38 +0000  13456 bytes for ./EvilIcons.ttf
2026-03-13 11:42:38 +0000  copying file ./FirebaseInstallations_Privacy.bundle/PrivacyInfo.xcprivacy ... 
2026-03-13 11:42:38 +0000  1105 bytes for ./FirebaseInstallations_Privacy.bundle/PrivacyInfo.xcprivacy
2026-03-13 11:42:38 +0000  copying file ./FirebaseInstallations_Privacy.bundle/Info.plist ... 
2026-03-13 11:42:38 +0000  806 bytes for ./FirebaseInstallations_Privacy.bundle/Info.plist
2026-03-13 11:42:38 +0000  copying file ./GoogleUtilities_Privacy.bundle/PrivacyInfo.xcprivacy ... 
2026-03-13 11:42:38 +0000  1233 bytes for ./GoogleUtilities_Privacy.bundle/PrivacyInfo.xcprivacy
2026-03-13 11:42:38 +0000  copying file ./GoogleUtilities_Privacy.bundle/Info.plist ... 
2026-03-13 11:42:38 +0000  793 bytes for ./GoogleUtilities_Privacy.bundle/Info.plist
2026-03-13 11:42:38 +0000  copying file ./main.jsbundle ... 
2026-03-13 11:42:38 +0000  7648818 bytes for ./main.jsbundle
2026-03-13 11:42:38 +0000  copying file ./FontAwesome6_Solid.ttf ... 
423676 bytes for ./FontAwesome6_Solid.ttf
copying file ./PrivacyInfo.xcprivacy ... 
438 bytes for ./PrivacyInfo.xcprivacy
2026-03-13 11:42:38 +0000  copying file ./LaunchScreen.storyboardc/01J-lp-oVM-view-Ze5-6b-2t3.nib ... 
2026-03-13 11:42:38 +0000  3813 bytes for ./LaunchScreen.storyboardc/01J-lp-oVM-view-Ze5-6b-2t3.nib
2026-03-13 11:42:38 +0000  copying file ./LaunchScreen.storyboardc/UIViewController-01J-lp-oVM.nib ... 
2026-03-13 11:42:38 +0000  924 bytes for ./LaunchScreen.storyboardc/UIViewController-01J-lp-oVM.nib
2026-03-13 11:42:38 +0000  copying file ./LaunchScreen.storyboardc/Info.plist ... 
2026-03-13 11:42:38 +0000  258 bytes for ./LaunchScreen.storyboardc/Info.plist
2026-03-13 11:42:38 +0000  copying file ./dwell ... 
2026-03-13 11:42:38 +0000  9077920 bytes for ./dwell
2026-03-13 11:42:38 +0000  copying file ./RNSVGFilters.bundle/RNSVGArithmeticFilter.iphoneos.metallib ... 
3993 bytes for ./RNSVGFilters.bundle/RNSVGArithmeticFilter.iphoneos.metallib
copying file ./RNSVGFilters.bundle/RNSVGCompositeXor.iphoneos.metallib ... 
2026-03-13 11:42:38 +0000  3509 bytes for ./RNSVGFilters.bundle/RNSVGCompositeXor.iphoneos.metallib
2026-03-13 11:42:38 +0000  copying file ./RNSVGFilters.bundle/Info.plist ... 
2026-03-13 11:42:38 +0000  771 bytes for ./RNSVGFilters.bundle/Info.plist
2026-03-13 11:42:38 +0000  copying file ./boost_privacy.bundle/Info.plist ... 
2026-03-13 11:42:38 +0000  772 bytes for ./boost_privacy.bundle/Info.plist
2026-03-13 11:42:38 +0000  copying file ./Frameworks/hermesvm.framework/_CodeSignature/CodeResources ... 
2026-03-13 11:42:38 +0000  1798 bytes for ./Frameworks/hermesvm.framework/_CodeSignature/CodeResources
2026-03-13 11:42:38 +0000  copying file ./Frameworks/hermesvm.framework/hermesvm ... 
2026-03-13 11:42:38 +0000  4848816 bytes for ./Frameworks/hermesvm.framework/hermesvm
2026-03-13 11:42:38 +0000  copying file ./Frameworks/hermesvm.framework/Info.plist ... 
861 bytes for ./Frameworks/hermesvm.framework/Info.plist
copying file ./SimpleLineIcons.ttf ... 
2026-03-13 11:42:38 +0000  54056 bytes for ./SimpleLineIcons.ttf
2026-03-13 11:42:38 +0000  copying file ./FontAwesome6_Brands.ttf ... 
2026-03-13 11:42:38 +0000  209376 bytes for ./FontAwesome6_Brands.ttf
2026-03-13 11:42:38 +0000  copying file ./embedded.mobileprovision ... 
2026-03-13 11:42:38 +0000  12777 bytes for ./embedded.mobileprovision
2026-03-13 11:42:38 +0000  copying file ./assets/App/src/Assets/Image/email.png ... 
2026-03-13 11:42:38 +0000  536 bytes for ./assets/App/src/Assets/Image/email.png
2026-03-13 11:42:38 +0000  copying file ./assets/App/src/Assets/Image/HouseSearching.gif ... 
2026-03-13 11:42:38 +0000  58682 bytes for ./assets/App/src/Assets/Image/HouseSearching.gif
2026-03-13 11:42:38 +0000  copying file ./assets/App/src/Assets/Image/dwellProperties/person.png ... 
2026-03-13 11:42:38 +0000  34176 bytes for ./assets/App/src/Assets/Image/dwellProperties/person.png
2026-03-13 11:42:38 +0000  copying file ./assets/App/src/Assets/Image/dwellProperties/Maskgroup1.png ... 
2026-03-13 11:42:38 +0000  407990 bytes for ./assets/App/src/Assets/Image/dwellProperties/Maskgroup1.png
2026-03-13 11:42:38 +0000  copying file ./assets/App/src/Assets/Image/dwellProperties/topGlow.png ... 
2026-03-13 11:42:38 +0000  5731 bytes for ./assets/App/src/Assets/Image/dwellProperties/topGlow.png
2026-03-13 11:42:38 +0000  copying file ./assets/App/src/Assets/Image/dwellProperties/bottomGlow.png ... 
2026-03-13 11:42:38 +0000  3648 bytes for ./assets/App/src/Assets/Image/dwellProperties/bottomGlow.png
2026-03-13 11:42:38 +0000  copying file ./assets/App/src/Assets/Image/dwellProperties.png ... 
2026-03-13 11:42:38 +0000  6109 bytes for ./assets/App/src/Assets/Image/dwellProperties.png
2026-03-13 11:42:38 +0000  copying file ./assets/App/src/Assets/Image/Certification-cuate1.png ... 
2026-03-13 11:42:38 +0000  28670 bytes for ./assets/App/src/Assets/Image/Certification-cuate1.png
2026-03-13 11:42:38 +0000  copying file ./assets/App/src/Assets/Image/ChatBot.gif ... 
2026-03-13 11:42:38 +0000  338472 bytes for ./assets/App/src/Assets/Image/ChatBot.gif
2026-03-13 11:42:38 +0000  copying file ./assets/App/src/Assets/Image/empty-box.png ... 
2026-03-13 11:42:38 +0000  3311 bytes for ./assets/App/src/Assets/Image/empty-box.png
2026-03-13 11:42:38 +0000  copying file ./assets/App/src/Assets/Image/no-record-found.png ... 
2026-03-13 11:42:38 +0000  4337 bytes for ./assets/App/src/Assets/Image/no-record-found.png
2026-03-13 11:42:38 +0000  copying file ./assets/App/src/Assets/Image/uploadImage.png ... 
2026-03-13 11:42:38 +0000  8297 bytes for ./assets/App/src/Assets/Image/uploadImage.png
2026-03-13 11:42:38 +0000  copying file ./assets/App/src/Assets/Image/D.png ... 
2026-03-13 11:42:38 +0000  2190 bytes for ./assets/App/src/Assets/Image/D.png
2026-03-13 11:42:38 +0000  copying file ./assets/App/src/Assets/Image/BusinessDeal.gif ... 
2026-03-13 11:42:38 +0000  51220 bytes for ./assets/App/src/Assets/Image/BusinessDeal.gif
2026-03-13 11:42:38 +0000  copying file ./assets/node_modules/@react-navigation/elements/src/assets/back-icon@3x.png ... 
2026-03-13 11:42:38 +0000  761 bytes for ./assets/node_modules/@react-navigation/elements/src/assets/back-icon@3x.png
2026-03-13 11:42:38 +0000  copying file ./assets/node_modules/@react-navigation/elements/src/assets/back-icon@2x.png ... 
2026-03-13 11:42:38 +0000  405 bytes for ./assets/node_modules/@react-navigation/elements/src/assets/back-icon@2x.png
2026-03-13 11:42:38 +0000  copying file ./assets/node_modules/@react-navigation/elements/src/assets/back-icon.png ... 
2026-03-13 11:42:38 +0000  290 bytes for ./assets/node_modules/@react-navigation/elements/src/assets/back-icon.png
2026-03-13 11:42:38 +0000  copying file ./assets/node_modules/@react-navigation/elements/src/assets/back-icon-mask.png ... 
2026-03-13 11:42:38 +0000  913 bytes for ./assets/node_modules/@react-navigation/elements/src/assets/back-icon-mask.png
2026-03-13 11:42:38 +0000  copying file ./assets/node_modules/react-native-paper/src/assets/back-chevron.png ... 
2026-03-13 11:42:38 +0000  489 bytes for ./assets/node_modules/react-native-paper/src/assets/back-chevron.png
2026-03-13 11:42:38 +0000  copying file ./assets/node_modules/react-native-element-dropdown/src/assets/down.png ... 
2026-03-13 11:42:38 +0000  186 bytes for ./assets/node_modules/react-native-element-dropdown/src/assets/down.png
2026-03-13 11:42:38 +0000  copying file ./assets/node_modules/react-native-element-dropdown/src/assets/close.png ... 
2026-03-13 11:42:38 +0000  208 bytes for ./assets/node_modules/react-native-element-dropdown/src/assets/close.png
2026-03-13 11:42:38 +0000  copying file ./Info.plist ... 
2026-03-13 11:42:38 +0000  2676 bytes for ./Info.plist
2026-03-13 11:42:38 +0000  copying file ./RNCAsyncStorage_resources.bundle/PrivacyInfo.xcprivacy ... 
2026-03-13 11:42:38 +0000  512 bytes for ./RNCAsyncStorage_resources.bundle/PrivacyInfo.xcprivacy
2026-03-13 11:42:38 +0000  copying file ./RNCAsyncStorage_resources.bundle/Info.plist ... 
2026-03-13 11:42:38 +0000  798 bytes for ./RNCAsyncStorage_resources.bundle/Info.plist
2026-03-13 11:42:38 +0000  copying file ./PkgInfo ... 
2026-03-13 11:42:38 +0000  8 bytes for ./PkgInfo
2026-03-13 11:42:38 +0000  copying file ./MaterialIcons.ttf ... 
2026-03-13 11:42:38 +0000  356840 bytes for ./MaterialIcons.ttf
2026-03-13 11:42:38 +0000  copying file ./React-Core_privacy.bundle/PrivacyInfo.xcprivacy ... 
2026-03-13 11:42:38 +0000  768 bytes for ./React-Core_privacy.bundle/PrivacyInfo.xcprivacy
2026-03-13 11:42:38 +0000  copying file ./React-Core_privacy.bundle/Info.plist ... 
2026-03-13 11:42:38 +0000  784 bytes for ./React-Core_privacy.bundle/Info.plist
2026-03-13 11:42:38 +0000  /usr/bin/ditto exited with 0
2026-03-13 11:42:38 +0000  Processing step: IDEDistributionEmbedProfileStep
2026-03-13 11:42:38 +0000  Skipping profile for item: <IDEDistributionItem: 0x92481a9a0; bundleID='dev.hermesengine.iphoneos', path='<DVTFilePath:0x8f122fe20:'/Users/richa/Library/Developer/Xcode/Archives/2026-03-13/dwell 13-03-26, 5.08 PM.xcarchive/Products/Applications/dwell.app/Frameworks/hermesvm.framework'>', codeSigningInfo='<_DVTCodeSigningInformation_Path: 0x92481a7c0; isSigned='1', isAdHocSigned='0', signingCertificate='<DVTSigningCertificate: 0x8e236fcc0; name='Apple Development: Richa Kumari (7HQZ3CSR4U)', hash='3413559948B2F768F0BF84999CF6772BD7B67A41', serialNumber='438BFDFBC1223096C42A95FE4B7545BE', certificateKinds='(
    "1.2.840.113635.100.6.1.12",
    "1.2.840.113635.100.6.1.2"
), issueDate='2026-03-13 08:51:11 +0000''>', entitlements='(null)', teamID='JG8256BQ77', identifier='dev.hermesengine.iphoneos', executablePath='<DVTFilePath:0x908ec3c60:'/Users/richa/Library/Developer/Xcode/Archives/2026-03-13/dwell 13-03-26, 5.08 PM.xcarchive/Products/Applications/dwell.app/Frameworks/hermesvm.framework/hermesvm'>', hardenedRuntime='0'>'>
2026-03-13 11:42:38 +0000  Processing step: IDEDistributionInfoPlistStep
2026-03-13 11:42:38 +0000  Skipping Info.plist step because item: <IDEDistributionItem: 0x92481a9a0; bundleID='dev.hermesengine.iphoneos', path='<DVTFilePath:0x8f122fe20:'/Users/richa/Library/Developer/Xcode/Archives/2026-03-13/dwell 13-03-26, 5.08 PM.xcarchive/Products/Applications/dwell.app/Frameworks/hermesvm.framework'>', codeSigningInfo='<_DVTCodeSigningInformation_Path: 0x92481a7c0; isSigned='1', isAdHocSigned='0', signingCertificate='<DVTSigningCertificate: 0x8e236d5c0; name='Apple Development: Richa Kumari (7HQZ3CSR4U)', hash='3413559948B2F768F0BF84999CF6772BD7B67A41', serialNumber='438BFDFBC1223096C42A95FE4B7545BE', certificateKinds='(
    "1.2.840.113635.100.6.1.12",
    "1.2.840.113635.100.6.1.2"
), issueDate='2026-03-13 08:51:11 +0000''>', entitlements='(null)', teamID='JG8256BQ77', identifier='dev.hermesengine.iphoneos', executablePath='<DVTFilePath:0x908ec3c60:'/Users/richa/Library/Developer/Xcode/Archives/2026-03-13/dwell 13-03-26, 5.08 PM.xcarchive/Products/Applications/dwell.app/Frameworks/hermesvm.framework/hermesvm'>', hardenedRuntime='0'>'> is a framework or embedded in a framework.
2026-03-13 11:42:38 +0000  Skipping setting DTXcodeBuildDistribution because toolsBuildVersionName was nil.
2026-03-13 11:42:38 +0000  Processing step: IDEDistributionItemRemovalStep
2026-03-13 11:42:38 +0000  Processing step: IDEDistributionAppThinningPlistStep
2026-03-13 11:42:38 +0000  Skipping step: IDEDistributionAppThinningPlistStep because it said so
2026-03-13 11:42:38 +0000  Processing step: IDEDistributionSymbolsStep
2026-03-13 11:42:39 +0000  Writing /var/folders/q0/mt0cfb8567zfytf3t__llq1w0000gn/T/XcodeDistPipeline.~~~ttM2dS/Symbols/AD179660-9CEF-3EF8-935A-5811665E01CB.symbols
2026-03-13 11:42:39 +0000  Upload Symbols Failed
2026-03-13 11:42:39 +0000  Processing step: IDEDistributionCopyAppleProvidedContentStep
2026-03-13 11:42:39 +0000  Processing step: IDEDistributionAppThinningStep
2026-03-13 11:42:39 +0000  Skipping step: IDEDistributionAppThinningStep because it said so
2026-03-13 11:42:39 +0000  Processing step: IDEDistributionArchThinningStep
2026-03-13 11:42:39 +0000  Archs to thin for item /Users/richa/Library/Developer/Xcode/Archives/2026-03-13/dwell 13-03-26, 5.08 PM.xcarchive/Products/Applications/dwell.app/Frameworks/hermesvm.framework are []
2026-03-13 11:42:39 +0000  Archs to thin for item /Users/richa/Library/Developer/Xcode/Archives/2026-03-13/dwell 13-03-26, 5.08 PM.xcarchive/Products/Applications/dwell.app are []
2026-03-13 11:42:39 +0000  Processing step: IDEDistributionODRStep
2026-03-13 11:42:39 +0000  Processing step: IDEDistributionStripXattrsStep
2026-03-13 11:42:39 +0000  Skipping stripping extended attributes because the codesign step will strip them.
2026-03-13 11:42:39 +0000  Skipping stripping extended attributes because the codesign step will strip them.
2026-03-13 11:42:39 +0000  Processing step: IDEDistributionCodesignStep
2026-03-13 11:42:39 +0000  Entitlements for <IDEDistributionItem: 0x92481a9a0; bundleID='dev.hermesengine.iphoneos', path='<DVTFilePath:0x8f122fe20:'/Users/richa/Library/Developer/Xcode/Archives/2026-03-13/dwell 13-03-26, 5.08 PM.xcarchive/Products/Applications/dwell.app/Frameworks/hermesvm.framework'>', codeSigningInfo='<_DVTCodeSigningInformation_Path: 0x92481a7c0; isSigned='1', isAdHocSigned='0', signingCertificate='<DVTSigningCertificate: 0x8e236fcc0; name='Apple Development: Richa Kumari (7HQZ3CSR4U)', hash='3413559948B2F768F0BF84999CF6772BD7B67A41', serialNumber='438BFDFBC1223096C42A95FE4B7545BE', certificateKinds='(
    "1.2.840.113635.100.6.1.12",
    "1.2.840.113635.100.6.1.2"
), issueDate='2026-03-13 08:51:11 +0000''>', entitlements='(null)', teamID='JG8256BQ77', identifier='dev.hermesengine.iphoneos', executablePath='<DVTFilePath:0x908ec3c60:'/Users/richa/Library/Developer/Xcode/Archives/2026-03-13/dwell 13-03-26, 5.08 PM.xcarchive/Products/Applications/dwell.app/Frameworks/hermesvm.framework/hermesvm'>', hardenedRuntime='0'>'>: {
}
2026-03-13 11:42:39 +0000  Associated App Clip Identifiers Filter: Skipping because "com.apple.developer.associated-appclip-app-identifiers" is not present
2026-03-13 11:42:39 +0000  Entitlements for <IDEDistributionItem: 0x92481a9a0; bundleID='dev.hermesengine.iphoneos', path='<DVTFilePath:0x8f122fe20:'/Users/richa/Library/Developer/Xcode/Archives/2026-03-13/dwell 13-03-26, 5.08 PM.xcarchive/Products/Applications/dwell.app/Frameworks/hermesvm.framework'>', codeSigningInfo='<_DVTCodeSigningInformation_Path: 0x92481a7c0; isSigned='1', isAdHocSigned='0', signingCertificate='<DVTSigningCertificate: 0x8e236fe40; name='Apple Development: Richa Kumari (7HQZ3CSR4U)', hash='3413559948B2F768F0BF84999CF6772BD7B67A41', serialNumber='438BFDFBC1223096C42A95FE4B7545BE', certificateKinds='(
    "1.2.840.113635.100.6.1.12",
    "1.2.840.113635.100.6.1.2"
), issueDate='2026-03-13 08:51:11 +0000''>', entitlements='(null)', teamID='JG8256BQ77', identifier='dev.hermesengine.iphoneos', executablePath='<DVTFilePath:0x908ec3c60:'/Users/richa/Library/Developer/Xcode/Archives/2026-03-13/dwell 13-03-26, 5.08 PM.xcarchive/Products/Applications/dwell.app/Frameworks/hermesvm.framework/hermesvm'>', hardenedRuntime='0'>'> are: {
}
2026-03-13 11:42:39 +0000  Writing entitlements for <IDEDistributionItem: 0x92481a9a0; bundleID='dev.hermesengine.iphoneos', path='<DVTFilePath:0x8f122fe20:'/Users/richa/Library/Developer/Xcode/Archives/2026-03-13/dwell 13-03-26, 5.08 PM.xcarchive/Products/Applications/dwell.app/Frameworks/hermesvm.framework'>', codeSigningInfo='<_DVTCodeSigningInformation_Path: 0x92481a7c0; isSigned='1', isAdHocSigned='0', signingCertificate='<DVTSigningCertificate: 0x8e236fe40; name='Apple Development: Richa Kumari (7HQZ3CSR4U)', hash='3413559948B2F768F0BF84999CF6772BD7B67A41', serialNumber='438BFDFBC1223096C42A95FE4B7545BE', certificateKinds='(
    "1.2.840.113635.100.6.1.12",
    "1.2.840.113635.100.6.1.2"
), issueDate='2026-03-13 08:51:11 +0000''>', entitlements='(null)', teamID='JG8256BQ77', identifier='dev.hermesengine.iphoneos', executablePath='<DVTFilePath:0x908ec3c60:'/Users/richa/Library/Developer/Xcode/Archives/2026-03-13/dwell 13-03-26, 5.08 PM.xcarchive/Products/Applications/dwell.app/Frameworks/hermesvm.framework/hermesvm'>', hardenedRuntime='0'>'> to: /var/folders/q0/mt0cfb8567zfytf3t__llq1w0000gn/T/XcodeDistPipeline.~~~ttM2dS/entitlements~~~8yxkdK
2026-03-13 11:42:39 +0000  invoking codesign: <NSConcreteTask: 0x8e20b0050; launchPath='/usr/bin/codesign', arguments='(
    "-f",
    "-s",
    A368D688738435DDD41BA88E477693429235A025,
    "--entitlements",
    "/var/folders/q0/mt0cfb8567zfytf3t__llq1w0000gn/T/XcodeDistPipeline.~~~ttM2dS/entitlements~~~8yxkdK",
    "--preserve-metadata=identifier,flags,runtime,launch-constraints,library-constraints",
    "--generate-entitlement-der",
    "--strip-disallowed-xattrs",
    "-vvv",
    "/var/folders/q0/mt0cfb8567zfytf3t__llq1w0000gn/T/XcodeDistPipeline.~~~ttM2dS/Root/Payload/dwell.app/Frameworks/hermesvm.framework"
)'>
2026-03-13 11:42:39 +0000  codesign output: /var/folders/q0/mt0cfb8567zfytf3t__llq1w0000gn/T/XcodeDistPipeline.~~~ttM2dS/Root/Payload/dwell.app/Frameworks/hermesvm.framework: replacing existing signature
/var/folders/q0/mt0cfb8567zfytf3t__llq1w0000gn/T/XcodeDistPipeline.~~~ttM2dS/Root/Payload/dwell.app/Frameworks/hermesvm.framework: signed bundle with Mach-O thin (arm64) [dev.hermesengine.iphoneos]
2026-03-13 11:42:39 +0000  Entitlements for <IDEDistributionItem: 0x92481a8e0; bundleID='com.dwellproperties.dwell', path='<DVTFilePath:0x9165b90e0:'/Users/richa/Library/Developer/Xcode/Archives/2026-03-13/dwell 13-03-26, 5.08 PM.xcarchive/Products/Applications/dwell.app'>', codeSigningInfo='<_DVTCodeSigningInformation_Path: 0x92481aa00; isSigned='1', isAdHocSigned='0', signingCertificate='<DVTSigningCertificate: 0x8e236fcc0; name='Apple Development: Richa Kumari (7HQZ3CSR4U)', hash='3413559948B2F768F0BF84999CF6772BD7B67A41', serialNumber='438BFDFBC1223096C42A95FE4B7545BE', certificateKinds='(
    "1.2.840.113635.100.6.1.12",
    "1.2.840.113635.100.6.1.2"
), issueDate='2026-03-13 08:51:11 +0000''>', entitlements='{
    "application-identifier" = "JG8256BQ77.com.dwellproperties.dwell";
    "com.apple.developer.team-identifier" = JG8256BQ77;
    "get-task-allow" = 1;
}', teamID='JG8256BQ77', identifier='com.dwellproperties.dwell', executablePath='<DVTFilePath:0x8f7ae5080:'/Users/richa/Library/Developer/Xcode/Archives/2026-03-13/dwell 13-03-26, 5.08 PM.xcarchive/Products/Applications/dwell.app/dwell'>', hardenedRuntime='0'>'>: {
    "application-identifier" = "JG8256BQ77.com.dwellproperties.dwell";
    "beta-reports-active" = 1;
    "com.apple.developer.team-identifier" = JG8256BQ77;
    "get-task-allow" = 0;
}
2026-03-13 11:42:39 +0000  Associated App Clip Identifiers Filter: Skipping because "com.apple.developer.associated-appclip-app-identifiers" is not present
2026-03-13 11:42:39 +0000  Entitlements for <IDEDistributionItem: 0x92481a8e0; bundleID='com.dwellproperties.dwell', path='<DVTFilePath:0x9165b90e0:'/Users/richa/Library/Developer/Xcode/Archives/2026-03-13/dwell 13-03-26, 5.08 PM.xcarchive/Products/Applications/dwell.app'>', codeSigningInfo='<_DVTCodeSigningInformation_Path: 0x92481aa00; isSigned='1', isAdHocSigned='0', signingCertificate='<DVTSigningCertificate: 0x8e236fe40; name='Apple Development: Richa Kumari (7HQZ3CSR4U)', hash='3413559948B2F768F0BF84999CF6772BD7B67A41', serialNumber='438BFDFBC1223096C42A95FE4B7545BE', certificateKinds='(
    "1.2.840.113635.100.6.1.12",
    "1.2.840.113635.100.6.1.2"
), issueDate='2026-03-13 08:51:11 +0000''>', entitlements='{
    "application-identifier" = "JG8256BQ77.com.dwellproperties.dwell";
    "com.apple.developer.team-identifier" = JG8256BQ77;
    "get-task-allow" = 1;
}', teamID='JG8256BQ77', identifier='com.dwellproperties.dwell', executablePath='<DVTFilePath:0x8f7ae5080:'/Users/richa/Library/Developer/Xcode/Archives/2026-03-13/dwell 13-03-26, 5.08 PM.xcarchive/Products/Applications/dwell.app/dwell'>', hardenedRuntime='0'>'> are: {
    "application-identifier" = "JG8256BQ77.com.dwellproperties.dwell";
    "beta-reports-active" = 1;
    "com.apple.developer.team-identifier" = JG8256BQ77;
    "get-task-allow" = 0;
}
2026-03-13 11:42:39 +0000  Writing entitlements for <IDEDistributionItem: 0x92481a8e0; bundleID='com.dwellproperties.dwell', path='<DVTFilePath:0x9165b90e0:'/Users/richa/Library/Developer/Xcode/Archives/2026-03-13/dwell 13-03-26, 5.08 PM.xcarchive/Products/Applications/dwell.app'>', codeSigningInfo='<_DVTCodeSigningInformation_Path: 0x92481aa00; isSigned='1', isAdHocSigned='0', signingCertificate='<DVTSigningCertificate: 0x8e236fe40; name='Apple Development: Richa Kumari (7HQZ3CSR4U)', hash='3413559948B2F768F0BF84999CF6772BD7B67A41', serialNumber='438BFDFBC1223096C42A95FE4B7545BE', certificateKinds='(
    "1.2.840.113635.100.6.1.12",
    "1.2.840.113635.100.6.1.2"
), issueDate='2026-03-13 08:51:11 +0000''>', entitlements='{
    "application-identifier" = "JG8256BQ77.com.dwellproperties.dwell";
    "com.apple.developer.team-identifier" = JG8256BQ77;
    "get-task-allow" = 1;
}', teamID='JG8256BQ77', identifier='com.dwellproperties.dwell', executablePath='<DVTFilePath:0x8f7ae5080:'/Users/richa/Library/Developer/Xcode/Archives/2026-03-13/dwell 13-03-26, 5.08 PM.xcarchive/Products/Applications/dwell.app/dwell'>', hardenedRuntime='0'>'> to: /var/folders/q0/mt0cfb8567zfytf3t__llq1w0000gn/T/XcodeDistPipeline.~~~ttM2dS/entitlements~~~3c88dV
2026-03-13 11:42:39 +0000  invoking codesign: <NSConcreteTask: 0x8e20b0050; launchPath='/usr/bin/codesign', arguments='(
    "-f",
    "-s",
    A368D688738435DDD41BA88E477693429235A025,
    "--entitlements",
    "/var/folders/q0/mt0cfb8567zfytf3t__llq1w0000gn/T/XcodeDistPipeline.~~~ttM2dS/entitlements~~~3c88dV",
    "--preserve-metadata=identifier,flags,runtime,launch-constraints,library-constraints",
    "--generate-entitlement-der",
    "--strip-disallowed-xattrs",
    "-vvv",
    "/var/folders/q0/mt0cfb8567zfytf3t__llq1w0000gn/T/XcodeDistPipeline.~~~ttM2dS/Root/Payload/dwell.app"
)'>
2026-03-13 11:42:39 +0000  codesign output: /var/folders/q0/mt0cfb8567zfytf3t__llq1w0000gn/T/XcodeDistPipeline.~~~ttM2dS/Root/Payload/dwell.app: replacing existing signature
/var/folders/q0/mt0cfb8567zfytf3t__llq1w0000gn/T/XcodeDistPipeline.~~~ttM2dS/Root/Payload/dwell.app: signed app bundle with Mach-O thin (arm64) [com.dwellproperties.dwell]
2026-03-13 11:42:39 +0000  Processing step: IDEDistributionZipODRItemStep
2026-03-13 11:42:39 +0000  Skipping step: IDEDistributionZipODRItemStep because it said so
2026-03-13 11:42:39 +0000  Skipping step: IDEDistributionZipODRItemStep because it said so
2026-03-13 11:42:39 +0000  Processing step: IDEDistributionCreateIPAStep
2026-03-13 11:42:39 +0000  Running /usr/bin/rsync '-8aPhhE' '/var/folders/q0/mt0cfb8567zfytf3t__llq1w0000gn/T/XcodeDistPipeline.~~~ttM2dS/Symbols' '--link-dest' '/var/folders/q0/mt0cfb8567zfytf3t__llq1w0000gn/T/XcodeDistPipeline.~~~ttM2dS' '/var/folders/q0/mt0cfb8567zfytf3t__llq1w0000gn/T/XcodeDistPipeline.~~~ttM2dS/Root'
2026-03-13 11:42:39 +0000  Symbols/
Symbols/AD179660-9CEF-3EF8-935A-5811665E01CB.symbols
2026-03-13 11:42:39 +0000  /usr/bin/rsync exited with 0
2026-03-13 11:42:39 +0000  Running /usr/bin/ditto '-V' '-c' '-k' '--norsrc' '/var/folders/q0/mt0cfb8567zfytf3t__llq1w0000gn/T/XcodeDistPipeline.~~~ttM2dS/Root' '/var/folders/q0/mt0cfb8567zfytf3t__llq1w0000gn/T/XcodeDistPipeline.~~~ttM2dS/Packages/dwell.ipa'
2026-03-13 11:42:39 +0000  >>> Copying /var/folders/q0/mt0cfb8567zfytf3t__llq1w0000gn/T/XcodeDistPipeline.~~~ttM2dS/Root 
2026-03-13 11:42:39 +0000  copying file ./Payload/dwell.app/_CodeSignature/CodeResources ... 
2026-03-13 11:42:39 +0000  24405 bytes for ./Payload/dwell.app/_CodeSignature/CodeResources
2026-03-13 11:42:39 +0000  copying file ./Payload/dwell.app/Fontisto.ttf ... 
2026-03-13 11:42:39 +0000  313528 bytes for ./Payload/dwell.app/Fontisto.ttf
2026-03-13 11:42:39 +0000  copying file ./Payload/dwell.app/Octicons.ttf ... 
2026-03-13 11:42:39 +0000  49404 bytes for ./Payload/dwell.app/Octicons.ttf
2026-03-13 11:42:39 +0000  copying file ./Payload/dwell.app/Feather.ttf ... 
2026-03-13 11:42:39 +0000  56228 bytes for ./Payload/dwell.app/Feather.ttf
2026-03-13 11:42:39 +0000  copying file ./Payload/dwell.app/FirebaseCore_Privacy.bundle/PrivacyInfo.xcprivacy ... 
2026-03-13 11:42:39 +0000  855 bytes for ./Payload/dwell.app/FirebaseCore_Privacy.bundle/PrivacyInfo.xcprivacy
2026-03-13 11:42:39 +0000  copying file ./Payload/dwell.app/FirebaseCore_Privacy.bundle/Info.plist ... 
2026-03-13 11:42:39 +0000  788 bytes for ./Payload/dwell.app/FirebaseCore_Privacy.bundle/Info.plist
2026-03-13 11:42:39 +0000  copying file ./Payload/dwell.app/FontAwesome6_Regular.ttf ... 
2026-03-13 11:42:39 +0000  67976 bytes for ./Payload/dwell.app/FontAwesome6_Regular.ttf
2026-03-13 11:42:39 +0000  copying file ./Payload/dwell.app/Entypo.ttf ... 
2026-03-13 11:42:39 +0000  66200 bytes for ./Payload/dwell.app/Entypo.ttf
2026-03-13 11:42:39 +0000  copying file ./Payload/dwell.app/RNImagePickerPrivacyInfo.bundle/PrivacyInfo.xcprivacy ... 
2026-03-13 11:42:39 +0000  905 bytes for ./Payload/dwell.app/RNImagePickerPrivacyInfo.bundle/PrivacyInfo.xcprivacy
2026-03-13 11:42:39 +0000  copying file ./Payload/dwell.app/RNImagePickerPrivacyInfo.bundle/Info.plist ... 
2026-03-13 11:42:39 +0000  794 bytes for ./Payload/dwell.app/RNImagePickerPrivacyInfo.bundle/Info.plist
2026-03-13 11:42:39 +0000  copying file ./Payload/dwell.app/FontAwesome5_Brands.ttf ... 
2026-03-13 11:42:39 +0000  134040 bytes for ./Payload/dwell.app/FontAwesome5_Brands.ttf
2026-03-13 11:42:39 +0000  copying file ./Payload/dwell.app/MaterialCommunityIcons.ttf ... 
2026-03-13 11:42:39 +0000  1147844 bytes for ./Payload/dwell.app/MaterialCommunityIcons.ttf
2026-03-13 11:42:39 +0000  copying file ./Payload/dwell.app/glog_privacy.bundle/Info.plist ... 
2026-03-13 11:42:39 +0000  769 bytes for ./Payload/dwell.app/glog_privacy.bundle/Info.plist
2026-03-13 11:42:39 +0000  copying file ./Payload/dwell.app/FBLPromises_Privacy.bundle/PrivacyInfo.xcprivacy ... 
2026-03-13 11:42:39 +0000  373 bytes for ./Payload/dwell.app/FBLPromises_Privacy.bundle/PrivacyInfo.xcprivacy
2026-03-13 11:42:39 +0000  copying file ./Payload/dwell.app/FBLPromises_Privacy.bundle/Info.plist ... 
2026-03-13 11:42:39 +0000  784 bytes for ./Payload/dwell.app/FBLPromises_Privacy.bundle/Info.plist
copying file ./Payload/dwell.app/AppIcon60x60@2x.png ... 
2026-03-13 11:42:39 +0000  15276 bytes for ./Payload/dwell.app/AppIcon60x60@2x.png
2026-03-13 11:42:39 +0000  copying file ./Payload/dwell.app/AntDesign.ttf ... 
2026-03-13 11:42:39 +0000  70344 bytes for ./Payload/dwell.app/AntDesign.ttf
2026-03-13 11:42:39 +0000  copying file ./Payload/dwell.app/Foundation.ttf ... 
2026-03-13 11:42:39 +0000  56976 bytes for ./Payload/dwell.app/Foundation.ttf
2026-03-13 11:42:39 +0000  copying file ./Payload/dwell.app/Ionicons.ttf ... 
2026-03-13 11:42:39 +0000  442604 bytes for ./Payload/dwell.app/Ionicons.ttf
2026-03-13 11:42:39 +0000  copying file ./Payload/dwell.app/FontAwesome5_Solid.ttf ... 
2026-03-13 11:42:39 +0000  202744 bytes for ./Payload/dwell.app/FontAwesome5_Solid.ttf
2026-03-13 11:42:39 +0000  copying file ./Payload/dwell.app/FirebaseCoreInternal_Privacy.bundle/PrivacyInfo.xcprivacy ... 
2026-03-13 11:42:39 +0000  855 bytes for ./Payload/dwell.app/FirebaseCoreInternal_Privacy.bundle/PrivacyInfo.xcprivacy
2026-03-13 11:42:39 +0000  copying file ./Payload/dwell.app/FirebaseCoreInternal_Privacy.bundle/Info.plist ... 
2026-03-13 11:42:39 +0000  804 bytes for ./Payload/dwell.app/FirebaseCoreInternal_Privacy.bundle/Info.plist
2026-03-13 11:42:39 +0000  copying file ./Payload/dwell.app/GoogleDataTransport_Privacy.bundle/PrivacyInfo.xcprivacy ... 
2026-03-13 11:42:39 +0000  1105 bytes for ./Payload/dwell.app/GoogleDataTransport_Privacy.bundle/PrivacyInfo.xcprivacy
2026-03-13 11:42:39 +0000  copying file ./Payload/dwell.app/GoogleDataTransport_Privacy.bundle/Info.plist ... 
2026-03-13 11:42:39 +0000  802 bytes for ./Payload/dwell.app/GoogleDataTransport_Privacy.bundle/Info.plist
2026-03-13 11:42:39 +0000  copying file ./Payload/dwell.app/FontAwesome5_Regular.ttf ... 
2026-03-13 11:42:39 +0000  33736 bytes for ./Payload/dwell.app/FontAwesome5_Regular.ttf
2026-03-13 11:42:39 +0000  copying file ./Payload/dwell.app/React-cxxreact_privacy.bundle/PrivacyInfo.xcprivacy ... 
2026-03-13 11:42:39 +0000  552 bytes for ./Payload/dwell.app/React-cxxreact_privacy.bundle/PrivacyInfo.xcprivacy
copying file ./Payload/dwell.app/React-cxxreact_privacy.bundle/Info.plist ... 
2026-03-13 11:42:39 +0000  792 bytes for ./Payload/dwell.app/React-cxxreact_privacy.bundle/Info.plist
2026-03-13 11:42:39 +0000  copying file ./Payload/dwell.app/nanopb_Privacy.bundle/PrivacyInfo.xcprivacy ... 
2026-03-13 11:42:39 +0000  374 bytes for ./Payload/dwell.app/nanopb_Privacy.bundle/PrivacyInfo.xcprivacy
2026-03-13 11:42:39 +0000  copying file ./Payload/dwell.app/nanopb_Privacy.bundle/Info.plist ... 
2026-03-13 11:42:39 +0000  777 bytes for ./Payload/dwell.app/nanopb_Privacy.bundle/Info.plist
2026-03-13 11:42:39 +0000  copying file ./Payload/dwell.app/FirebaseMessaging_Privacy.bundle/PrivacyInfo.xcprivacy ... 
2026-03-13 11:42:39 +0000  2357 bytes for ./Payload/dwell.app/FirebaseMessaging_Privacy.bundle/PrivacyInfo.xcprivacy
2026-03-13 11:42:39 +0000  copying file ./Payload/dwell.app/FirebaseMessaging_Privacy.bundle/Info.plist ... 
2026-03-13 11:42:39 +0000  798 bytes for ./Payload/dwell.app/FirebaseMessaging_Privacy.bundle/Info.plist
2026-03-13 11:42:39 +0000  copying file ./Payload/dwell.app/FirebaseCoreExtension_Privacy.bundle/PrivacyInfo.xcprivacy ... 
2026-03-13 11:42:39 +0000  478 bytes for ./Payload/dwell.app/FirebaseCoreExtension_Privacy.bundle/PrivacyInfo.xcprivacy
2026-03-13 11:42:39 +0000  copying file ./Payload/dwell.app/FirebaseCoreExtension_Privacy.bundle/Info.plist ... 
2026-03-13 11:42:39 +0000  806 bytes for ./Payload/dwell.app/FirebaseCoreExtension_Privacy.bundle/Info.plist
2026-03-13 11:42:39 +0000  copying file ./Payload/dwell.app/FontAwesome.ttf ... 
2026-03-13 11:42:39 +0000  165548 bytes for ./Payload/dwell.app/FontAwesome.ttf
2026-03-13 11:42:39 +0000  copying file ./Payload/dwell.app/Toast.bundle/PrivacyInfo.xcprivacy ... 
2026-03-13 11:42:39 +0000  372 bytes for ./Payload/dwell.app/Toast.bundle/PrivacyInfo.xcprivacy
2026-03-13 11:42:39 +0000  copying file ./Payload/dwell.app/Toast.bundle/Info.plist ... 
2026-03-13 11:42:39 +0000  755 bytes for ./Payload/dwell.app/Toast.bundle/Info.plist
2026-03-13 11:42:39 +0000  copying file ./Payload/dwell.app/Zocial.ttf ... 
2026-03-13 11:42:39 +0000  25788 bytes for ./Payload/dwell.app/Zocial.ttf
2026-03-13 11:42:39 +0000  copying file ./Payload/dwell.app/RCT-Folly_privacy.bundle/Info.plist ... 
2026-03-13 11:42:39 +0000  786 bytes for ./Payload/dwell.app/RCT-Folly_privacy.bundle/Info.plist
2026-03-13 11:42:39 +0000  copying file ./Payload/dwell.app/Assets.car ... 
2026-03-13 11:42:39 +0000  748248 bytes for ./Payload/dwell.app/Assets.car
2026-03-13 11:42:39 +0000  copying file ./Payload/dwell.app/EvilIcons.ttf ... 
2026-03-13 11:42:39 +0000  13456 bytes for ./Payload/dwell.app/EvilIcons.ttf
2026-03-13 11:42:39 +0000  copying file ./Payload/dwell.app/FirebaseInstallations_Privacy.bundle/PrivacyInfo.xcprivacy ... 
2026-03-13 11:42:39 +0000  1105 bytes for ./Payload/dwell.app/FirebaseInstallations_Privacy.bundle/PrivacyInfo.xcprivacy
2026-03-13 11:42:39 +0000  copying file ./Payload/dwell.app/FirebaseInstallations_Privacy.bundle/Info.plist ... 
2026-03-13 11:42:39 +0000  806 bytes for ./Payload/dwell.app/FirebaseInstallations_Privacy.bundle/Info.plist
2026-03-13 11:42:39 +0000  copying file ./Payload/dwell.app/GoogleUtilities_Privacy.bundle/PrivacyInfo.xcprivacy ... 
2026-03-13 11:42:39 +0000  1233 bytes for ./Payload/dwell.app/GoogleUtilities_Privacy.bundle/PrivacyInfo.xcprivacy
2026-03-13 11:42:39 +0000  copying file ./Payload/dwell.app/GoogleUtilities_Privacy.bundle/Info.plist ... 
2026-03-13 11:42:39 +0000  793 bytes for ./Payload/dwell.app/GoogleUtilities_Privacy.bundle/Info.plist
2026-03-13 11:42:39 +0000  copying file ./Payload/dwell.app/main.jsbundle ... 
2026-03-13 11:42:39 +0000  7648818 bytes for ./Payload/dwell.app/main.jsbundle
2026-03-13 11:42:39 +0000  copying file ./Payload/dwell.app/FontAwesome6_Solid.ttf ... 
2026-03-13 11:42:39 +0000  423676 bytes for ./Payload/dwell.app/FontAwesome6_Solid.ttf
2026-03-13 11:42:39 +0000  copying file ./Payload/dwell.app/PrivacyInfo.xcprivacy ... 
2026-03-13 11:42:39 +0000  438 bytes for ./Payload/dwell.app/PrivacyInfo.xcprivacy
copying file ./Payload/dwell.app/LaunchScreen.storyboardc/01J-lp-oVM-view-Ze5-6b-2t3.nib ... 
2026-03-13 11:42:39 +0000  3813 bytes for ./Payload/dwell.app/LaunchScreen.storyboardc/01J-lp-oVM-view-Ze5-6b-2t3.nib
2026-03-13 11:42:39 +0000  copying file ./Payload/dwell.app/LaunchScreen.storyboardc/UIViewController-01J-lp-oVM.nib ... 
2026-03-13 11:42:39 +0000  924 bytes for ./Payload/dwell.app/LaunchScreen.storyboardc/UIViewController-01J-lp-oVM.nib
copying file ./Payload/dwell.app/LaunchScreen.storyboardc/Info.plist ... 
2026-03-13 11:42:39 +0000  258 bytes for ./Payload/dwell.app/LaunchScreen.storyboardc/Info.plist
2026-03-13 11:42:39 +0000  copying file ./Payload/dwell.app/dwell ... 
2026-03-13 11:42:39 +0000  9078000 bytes for ./Payload/dwell.app/dwell
2026-03-13 11:42:39 +0000  copying file ./Payload/dwell.app/RNSVGFilters.bundle/RNSVGArithmeticFilter.iphoneos.metallib ... 
2026-03-13 11:42:39 +0000  3993 bytes for ./Payload/dwell.app/RNSVGFilters.bundle/RNSVGArithmeticFilter.iphoneos.metallib
2026-03-13 11:42:39 +0000  copying file ./Payload/dwell.app/RNSVGFilters.bundle/RNSVGCompositeXor.iphoneos.metallib ... 
2026-03-13 11:42:39 +0000  3509 bytes for ./Payload/dwell.app/RNSVGFilters.bundle/RNSVGCompositeXor.iphoneos.metallib
2026-03-13 11:42:39 +0000  copying file ./Payload/dwell.app/RNSVGFilters.bundle/Info.plist ... 
2026-03-13 11:42:39 +0000  771 bytes for ./Payload/dwell.app/RNSVGFilters.bundle/Info.plist
2026-03-13 11:42:39 +0000  copying file ./Payload/dwell.app/boost_privacy.bundle/Info.plist ... 
2026-03-13 11:42:39 +0000  772 bytes for ./Payload/dwell.app/boost_privacy.bundle/Info.plist
2026-03-13 11:42:39 +0000  copying file ./Payload/dwell.app/Frameworks/hermesvm.framework/_CodeSignature/CodeResources ... 
2026-03-13 11:42:39 +0000  1798 bytes for ./Payload/dwell.app/Frameworks/hermesvm.framework/_CodeSignature/CodeResources
2026-03-13 11:42:39 +0000  copying file ./Payload/dwell.app/Frameworks/hermesvm.framework/hermesvm ... 
2026-03-13 11:42:40 +0000  4848832 bytes for ./Payload/dwell.app/Frameworks/hermesvm.framework/hermesvm
2026-03-13 11:42:40 +0000  copying file ./Payload/dwell.app/Frameworks/hermesvm.framework/Info.plist ... 
861 bytes for ./Payload/dwell.app/Frameworks/hermesvm.framework/Info.plist
copying file ./Payload/dwell.app/SimpleLineIcons.ttf ... 
2026-03-13 11:42:40 +0000  54056 bytes for ./Payload/dwell.app/SimpleLineIcons.ttf
2026-03-13 11:42:40 +0000  copying file ./Payload/dwell.app/FontAwesome6_Brands.ttf ... 
2026-03-13 11:42:40 +0000  209376 bytes for ./Payload/dwell.app/FontAwesome6_Brands.ttf
2026-03-13 11:42:40 +0000  copying file ./Payload/dwell.app/embedded.mobileprovision ... 
2026-03-13 11:42:40 +0000  14804 bytes for ./Payload/dwell.app/embedded.mobileprovision
2026-03-13 11:42:40 +0000  copying file ./Payload/dwell.app/assets/App/src/Assets/Image/email.png ... 
2026-03-13 11:42:40 +0000  536 bytes for ./Payload/dwell.app/assets/App/src/Assets/Image/email.png
2026-03-13 11:42:40 +0000  copying file ./Payload/dwell.app/assets/App/src/Assets/Image/HouseSearching.gif ... 
2026-03-13 11:42:40 +0000  58682 bytes for ./Payload/dwell.app/assets/App/src/Assets/Image/HouseSearching.gif
2026-03-13 11:42:40 +0000  copying file ./Payload/dwell.app/assets/App/src/Assets/Image/dwellProperties/person.png ... 
2026-03-13 11:42:40 +0000  34176 bytes for ./Payload/dwell.app/assets/App/src/Assets/Image/dwellProperties/person.png
2026-03-13 11:42:40 +0000  copying file ./Payload/dwell.app/assets/App/src/Assets/Image/dwellProperties/Maskgroup1.png ... 
2026-03-13 11:42:40 +0000  407990 bytes for ./Payload/dwell.app/assets/App/src/Assets/Image/dwellProperties/Maskgroup1.png
2026-03-13 11:42:40 +0000  copying file ./Payload/dwell.app/assets/App/src/Assets/Image/dwellProperties/topGlow.png ... 
2026-03-13 11:42:40 +0000  5731 bytes for ./Payload/dwell.app/assets/App/src/Assets/Image/dwellProperties/topGlow.png
2026-03-13 11:42:40 +0000  copying file ./Payload/dwell.app/assets/App/src/Assets/Image/dwellProperties/bottomGlow.png ... 
2026-03-13 11:42:40 +0000  3648 bytes for ./Payload/dwell.app/assets/App/src/Assets/Image/dwellProperties/bottomGlow.png
copying file ./Payload/dwell.app/assets/App/src/Assets/Image/dwellProperties.png ... 
2026-03-13 11:42:40 +0000  6109 bytes for ./Payload/dwell.app/assets/App/src/Assets/Image/dwellProperties.png
2026-03-13 11:42:40 +0000  copying file ./Payload/dwell.app/assets/App/src/Assets/Image/Certification-cuate1.png ... 
2026-03-13 11:42:40 +0000  28670 bytes for ./Payload/dwell.app/assets/App/src/Assets/Image/Certification-cuate1.png
2026-03-13 11:42:40 +0000  copying file ./Payload/dwell.app/assets/App/src/Assets/Image/ChatBot.gif ... 
2026-03-13 11:42:40 +0000  338472 bytes for ./Payload/dwell.app/assets/App/src/Assets/Image/ChatBot.gif
2026-03-13 11:42:40 +0000  copying file ./Payload/dwell.app/assets/App/src/Assets/Image/empty-box.png ... 
2026-03-13 11:42:40 +0000  3311 bytes for ./Payload/dwell.app/assets/App/src/Assets/Image/empty-box.png
2026-03-13 11:42:40 +0000  copying file ./Payload/dwell.app/assets/App/src/Assets/Image/no-record-found.png ... 
2026-03-13 11:42:40 +0000  4337 bytes for ./Payload/dwell.app/assets/App/src/Assets/Image/no-record-found.png
2026-03-13 11:42:40 +0000  copying file ./Payload/dwell.app/assets/App/src/Assets/Image/uploadImage.png ... 
2026-03-13 11:42:40 +0000  8297 bytes for ./Payload/dwell.app/assets/App/src/Assets/Image/uploadImage.png
2026-03-13 11:42:40 +0000  copying file ./Payload/dwell.app/assets/App/src/Assets/Image/D.png ... 
2026-03-13 11:42:40 +0000  2190 bytes for ./Payload/dwell.app/assets/App/src/Assets/Image/D.png
2026-03-13 11:42:40 +0000  copying file ./Payload/dwell.app/assets/App/src/Assets/Image/BusinessDeal.gif ... 
2026-03-13 11:42:40 +0000  51220 bytes for ./Payload/dwell.app/assets/App/src/Assets/Image/BusinessDeal.gif
2026-03-13 11:42:40 +0000  copying file ./Payload/dwell.app/assets/node_modules/@react-navigation/elements/src/assets/back-icon@3x.png ... 
2026-03-13 11:42:40 +0000  761 bytes for ./Payload/dwell.app/assets/node_modules/@react-navigation/elements/src/assets/back-icon@3x.png
2026-03-13 11:42:40 +0000  copying file ./Payload/dwell.app/assets/node_modules/@react-navigation/elements/src/assets/back-icon@2x.png ... 
2026-03-13 11:42:40 +0000  405 bytes for ./Payload/dwell.app/assets/node_modules/@react-navigation/elements/src/assets/back-icon@2x.png
copying file ./Payload/dwell.app/assets/node_modules/@react-navigation/elements/src/assets/back-icon.png ... 
2026-03-13 11:42:40 +0000  290 bytes for ./Payload/dwell.app/assets/node_modules/@react-navigation/elements/src/assets/back-icon.png
2026-03-13 11:42:40 +0000  copying file ./Payload/dwell.app/assets/node_modules/@react-navigation/elements/src/assets/back-icon-mask.png ... 
2026-03-13 11:42:40 +0000  913 bytes for ./Payload/dwell.app/assets/node_modules/@react-navigation/elements/src/assets/back-icon-mask.png
2026-03-13 11:42:40 +0000  copying file ./Payload/dwell.app/assets/node_modules/react-native-paper/src/assets/back-chevron.png ... 
2026-03-13 11:42:40 +0000  489 bytes for ./Payload/dwell.app/assets/node_modules/react-native-paper/src/assets/back-chevron.png
2026-03-13 11:42:40 +0000  copying file ./Payload/dwell.app/assets/node_modules/react-native-element-dropdown/src/assets/down.png ... 
2026-03-13 11:42:40 +0000  186 bytes for ./Payload/dwell.app/assets/node_modules/react-native-element-dropdown/src/assets/down.png
2026-03-13 11:42:40 +0000  copying file ./Payload/dwell.app/assets/node_modules/react-native-element-dropdown/src/assets/close.png ... 
2026-03-13 11:42:40 +0000  208 bytes for ./Payload/dwell.app/assets/node_modules/react-native-element-dropdown/src/assets/close.png
2026-03-13 11:42:40 +0000  copying file ./Payload/dwell.app/Info.plist ... 
2026-03-13 11:42:40 +0000  2676 bytes for ./Payload/dwell.app/Info.plist
2026-03-13 11:42:40 +0000  copying file ./Payload/dwell.app/RNCAsyncStorage_resources.bundle/PrivacyInfo.xcprivacy ... 
2026-03-13 11:42:40 +0000  512 bytes for ./Payload/dwell.app/RNCAsyncStorage_resources.bundle/PrivacyInfo.xcprivacy
2026-03-13 11:42:40 +0000  copying file ./Payload/dwell.app/RNCAsyncStorage_resources.bundle/Info.plist ... 
2026-03-13 11:42:40 +0000  798 bytes for ./Payload/dwell.app/RNCAsyncStorage_resources.bundle/Info.plist
copying file ./Payload/dwell.app/PkgInfo ... 
8 bytes for ./Payload/dwell.app/PkgInfo
2026-03-13 11:42:40 +0000  copying file ./Payload/dwell.app/MaterialIcons.ttf ... 
2026-03-13 11:42:40 +0000  356840 bytes for ./Payload/dwell.app/MaterialIcons.ttf
2026-03-13 11:42:40 +0000  copying file ./Payload/dwell.app/React-Core_privacy.bundle/PrivacyInfo.xcprivacy ... 
2026-03-13 11:42:40 +0000  768 bytes for ./Payload/dwell.app/React-Core_privacy.bundle/PrivacyInfo.xcprivacy
copying file ./Payload/dwell.app/React-Core_privacy.bundle/Info.plist ... 
2026-03-13 11:42:40 +0000  784 bytes for ./Payload/dwell.app/React-Core_privacy.bundle/Info.plist
2026-03-13 11:42:40 +0000  copying file ./Symbols/AD179660-9CEF-3EF8-935A-5811665E01CB.symbols ... 
2026-03-13 11:42:40 +0000  38678668 bytes for ./Symbols/AD179660-9CEF-3EF8-935A-5811665E01CB.symbols
2026-03-13 11:42:40 +0000  /usr/bin/ditto exited with 0
2026-03-13 11:42:40 +0000  Processing step: IDEDistributionAppStoreInformationStep
2026-03-13 11:42:40 +0000  Skipping step: IDEDistributionAppStoreInformationStep because it said so
2026-03-13 11:42:40 +0000  Processing step: IDEDistributionGenerateProcessedDistributionItems
2026-03-13 11:42:40 +0000  IDEDistributionItem init <DVTFilePath:0x8e591d730:'/var/folders/q0/mt0cfb8567zfytf3t__llq1w0000gn/T/XcodeDistPipeline.~~~ttM2dS/Root/Payload/dwell.app/Frameworks/hermesvm.framework'>
2026-03-13 11:42:40 +0000  IDEDistributionItem init <DVTFilePath:0x92481ad00:'/var/folders/q0/mt0cfb8567zfytf3t__llq1w0000gn/T/XcodeDistPipeline.~~~ttM2dS/Root/Payload/dwell.app'>
2026-03-13 11:42:40 +0000  Processing step: IDEDistributionCreateManifestStep
2026-03-13 11:42:40 +0000  Skipping step: IDEDistributionCreateManifestStep because it said so
